{"/Users/apple/code/hospital_mgt_sys/app.js": {"path":"/Users/apple/code/hospital_mgt_sys/app.js","statementMap":{"0":{"start":{"line":1,"column":15},"end":{"line":1,"column":33}},"1":{"start":{"line":2,"column":13},"end":{"line":2,"column":22}},"2":{"start":{"line":3,"column":11},"end":{"line":3,"column":26}},"3":{"start":{"line":4,"column":21},"end":{"line":4,"column":58}},"4":{"start":{"line":5,"column":22},"end":{"line":5,"column":61}},"5":{"start":{"line":6,"column":26},"end":{"line":6,"column":73}},"6":{"start":{"line":7,"column":0},"end":{"line":7,"column":24}},"7":{"start":{"line":9,"column":0},"end":{"line":9,"column":36}},"8":{"start":{"line":10,"column":0},"end":{"line":10,"column":38}},"9":{"start":{"line":11,"column":0},"end":{"line":11,"column":46}},"10":{"start":{"line":14,"column":0},"end":{"line":19,"column":3}},"11":{"start":{"line":15,"column":4},"end":{"line":18,"column":7}},"12":{"start":{"line":21,"column":0},"end":{"line":23,"column":3}},"13":{"start":{"line":22,"column":4},"end":{"line":22,"column":72}},"14":{"start":{"line":25,"column":0},"end":{"line":25,"column":21}}},"fnMap":{"0":{"name":"(anonymous_0)","decl":{"start":{"line":14,"column":15},"end":{"line":14,"column":16}},"loc":{"start":{"line":14,"column":26},"end":{"line":19,"column":1}},"line":14},"1":{"name":"(anonymous_1)","decl":{"start":{"line":21,"column":23},"end":{"line":21,"column":24}},"loc":{"start":{"line":21,"column":27},"end":{"line":23,"column":1}},"line":21}},"branchMap":{},"s":{"0":4,"1":4,"2":4,"3":4,"4":4,"5":4,"6":4,"7":4,"8":4,"9":4,"10":4,"11":0,"12":4,"13":0,"14":4},"f":{"0":0,"1":0},"b":{},"_coverageSchema":"1a1c01bbd47fc00a2c39e90264f33305004495a9","hash":"de9e5dedbb471380c3524a457c94f605eea8bc5a"}
,"/Users/apple/code/hospital_mgt_sys/api/appointment/appointment.controller.js": {"path":"/Users/apple/code/hospital_mgt_sys/api/appointment/appointment.controller.js","statementMap":{"0":{"start":{"line":1,"column":46},"end":{"line":1,"column":78}},"1":{"start":{"line":2,"column":11},"end":{"line":2,"column":26}},"2":{"start":{"line":4,"column":0},"end":{"line":34,"column":2}},"3":{"start":{"line":6,"column":21},"end":{"line":6,"column":29}},"4":{"start":{"line":7,"column":8},"end":{"line":19,"column":11}},"5":{"start":{"line":8,"column":12},"end":{"line":14,"column":13}},"6":{"start":{"line":9,"column":16},"end":{"line":9,"column":33}},"7":{"start":{"line":10,"column":16},"end":{"line":13,"column":19}},"8":{"start":{"line":15,"column":12},"end":{"line":18,"column":15}},"9":{"start":{"line":22,"column":19},"end":{"line":22,"column":32}},"10":{"start":{"line":23,"column":8},"end":{"line":32,"column":11}},"11":{"start":{"line":24,"column":12},"end":{"line":27,"column":13}},"12":{"start":{"line":25,"column":16},"end":{"line":25,"column":33}},"13":{"start":{"line":26,"column":16},"end":{"line":26,"column":23}},"14":{"start":{"line":28,"column":12},"end":{"line":31,"column":15}}},"fnMap":{"0":{"name":"(anonymous_0)","decl":{"start":{"line":5,"column":20},"end":{"line":5,"column":21}},"loc":{"start":{"line":5,"column":31},"end":{"line":20,"column":5}},"line":5},"1":{"name":"(anonymous_1)","decl":{"start":{"line":7,"column":28},"end":{"line":7,"column":29}},"loc":{"start":{"line":7,"column":43},"end":{"line":19,"column":9}},"line":7},"2":{"name":"(anonymous_2)","decl":{"start":{"line":21,"column":24},"end":{"line":21,"column":25}},"loc":{"start":{"line":21,"column":37},"end":{"line":33,"column":5}},"line":21},"3":{"name":"(anonymous_3)","decl":{"start":{"line":23,"column":29},"end":{"line":23,"column":30}},"loc":{"start":{"line":23,"column":46},"end":{"line":32,"column":9}},"line":23}},"branchMap":{"0":{"loc":{"start":{"line":8,"column":12},"end":{"line":14,"column":13}},"type":"if","locations":[{"start":{"line":8,"column":12},"end":{"line":14,"column":13}},{"start":{},"end":{}}],"line":8},"1":{"loc":{"start":{"line":24,"column":12},"end":{"line":27,"column":13}},"type":"if","locations":[{"start":{"line":24,"column":12},"end":{"line":27,"column":13}},{"start":{},"end":{}}],"line":24}},"s":{"0":4,"1":4,"2":4,"3":1,"4":1,"5":1,"6":1,"7":1,"8":0,"9":1,"10":1,"11":1,"12":0,"13":0,"14":1},"f":{"0":1,"1":1,"2":1,"3":1},"b":{"0":[1,0],"1":[0,1]},"_coverageSchema":"1a1c01bbd47fc00a2c39e90264f33305004495a9","hash":"dac9aef93f8fb1773d36d491625ae34c7a61c91f"}
,"/Users/apple/code/hospital_mgt_sys/api/appointment/appointment.router.js": {"path":"/Users/apple/code/hospital_mgt_sys/api/appointment/appointment.router.js","statementMap":{"0":{"start":{"line":1,"column":46},"end":{"line":1,"column":81}},"1":{"start":{"line":2,"column":15},"end":{"line":2,"column":42}},"2":{"start":{"line":3,"column":30},"end":{"line":3,"column":67}},"3":{"start":{"line":5,"column":0},"end":{"line":5,"column":52}},"4":{"start":{"line":6,"column":0},"end":{"line":6,"column":58}},"5":{"start":{"line":8,"column":0},"end":{"line":8,"column":24}}},"fnMap":{},"branchMap":{},"s":{"0":4,"1":4,"2":4,"3":4,"4":4,"5":4},"f":{},"b":{},"_coverageSchema":"1a1c01bbd47fc00a2c39e90264f33305004495a9","hash":"b5aa785cf5d49c74567e2162feb4a7c9d3e8b27a"}
,"/Users/apple/code/hospital_mgt_sys/api/appointment/appointment.service.js": {"path":"/Users/apple/code/hospital_mgt_sys/api/appointment/appointment.service.js","statementMap":{"0":{"start":{"line":1,"column":13},"end":{"line":1,"column":45}},"1":{"start":{"line":3,"column":0},"end":{"line":33,"column":2}},"2":{"start":{"line":5,"column":8},"end":{"line":19,"column":10}},"3":{"start":{"line":14,"column":16},"end":{"line":16,"column":17}},"4":{"start":{"line":15,"column":20},"end":{"line":15,"column":42}},"5":{"start":{"line":17,"column":16},"end":{"line":17,"column":45}},"6":{"start":{"line":22,"column":8},"end":{"line":31,"column":9}},"7":{"start":{"line":26,"column":16},"end":{"line":28,"column":17}},"8":{"start":{"line":27,"column":20},"end":{"line":27,"column":43}},"9":{"start":{"line":29,"column":16},"end":{"line":29,"column":46}}},"fnMap":{"0":{"name":"(anonymous_0)","decl":{"start":{"line":4,"column":20},"end":{"line":4,"column":21}},"loc":{"start":{"line":4,"column":38},"end":{"line":20,"column":5}},"line":4},"1":{"name":"(anonymous_1)","decl":{"start":{"line":13,"column":12},"end":{"line":13,"column":13}},"loc":{"start":{"line":13,"column":39},"end":{"line":18,"column":13}},"line":13},"2":{"name":"(anonymous_2)","decl":{"start":{"line":21,"column":24},"end":{"line":21,"column":25}},"loc":{"start":{"line":21,"column":39},"end":{"line":32,"column":5}},"line":21},"3":{"name":"(anonymous_3)","decl":{"start":{"line":25,"column":12},"end":{"line":25,"column":13}},"loc":{"start":{"line":25,"column":38},"end":{"line":30,"column":13}},"line":25}},"branchMap":{"0":{"loc":{"start":{"line":14,"column":16},"end":{"line":16,"column":17}},"type":"if","locations":[{"start":{"line":14,"column":16},"end":{"line":16,"column":17}},{"start":{},"end":{}}],"line":14},"1":{"loc":{"start":{"line":26,"column":16},"end":{"line":28,"column":17}},"type":"if","locations":[{"start":{"line":26,"column":16},"end":{"line":28,"column":17}},{"start":{},"end":{}}],"line":26}},"s":{"0":4,"1":4,"2":1,"3":1,"4":1,"5":0,"6":1,"7":1,"8":0,"9":1},"f":{"0":1,"1":1,"2":1,"3":1},"b":{"0":[1,0],"1":[0,1]},"_coverageSchema":"1a1c01bbd47fc00a2c39e90264f33305004495a9","hash":"1f0a79cc643080fa22a86f28d7d45b8ac1f21afd"}
,"/Users/apple/code/hospital_mgt_sys/api/doctor/doctor.controller.js": {"path":"/Users/apple/code/hospital_mgt_sys/api/doctor/doctor.controller.js","statementMap":{"0":{"start":{"line":1,"column":94},"end":{"line":1,"column":121}},"1":{"start":{"line":2,"column":48},"end":{"line":2,"column":65}},"2":{"start":{"line":3,"column":36},"end":{"line":3,"column":59}},"3":{"start":{"line":4,"column":11},"end":{"line":4,"column":26}},"4":{"start":{"line":6,"column":0},"end":{"line":109,"column":2}},"5":{"start":{"line":8,"column":21},"end":{"line":8,"column":29}},"6":{"start":{"line":9,"column":21},"end":{"line":9,"column":36}},"7":{"start":{"line":10,"column":8},"end":{"line":10,"column":47}},"8":{"start":{"line":11,"column":8},"end":{"line":23,"column":11}},"9":{"start":{"line":12,"column":12},"end":{"line":18,"column":13}},"10":{"start":{"line":13,"column":16},"end":{"line":13,"column":33}},"11":{"start":{"line":14,"column":16},"end":{"line":17,"column":19}},"12":{"start":{"line":19,"column":12},"end":{"line":22,"column":15}},"13":{"start":{"line":26,"column":19},"end":{"line":26,"column":32}},"14":{"start":{"line":27,"column":8},"end":{"line":36,"column":11}},"15":{"start":{"line":28,"column":12},"end":{"line":31,"column":13}},"16":{"start":{"line":29,"column":16},"end":{"line":29,"column":33}},"17":{"start":{"line":30,"column":16},"end":{"line":30,"column":23}},"18":{"start":{"line":32,"column":12},"end":{"line":35,"column":15}},"19":{"start":{"line":39,"column":8},"end":{"line":48,"column":11}},"20":{"start":{"line":40,"column":12},"end":{"line":43,"column":13}},"21":{"start":{"line":41,"column":16},"end":{"line":41,"column":33}},"22":{"start":{"line":42,"column":16},"end":{"line":42,"column":23}},"23":{"start":{"line":44,"column":12},"end":{"line":47,"column":15}},"24":{"start":{"line":51,"column":21},"end":{"line":51,"column":29}},"25":{"start":{"line":52,"column":21},"end":{"line":52,"column":36}},"26":{"start":{"line":53,"column":8},"end":{"line":53,"column":47}},"27":{"start":{"line":54,"column":19},"end":{"line":54,"column":32}},"28":{"start":{"line":55,"column":8},"end":{"line":64,"column":11}},"29":{"start":{"line":56,"column":12},"end":{"line":59,"column":13}},"30":{"start":{"line":57,"column":16},"end":{"line":57,"column":33}},"31":{"start":{"line":58,"column":16},"end":{"line":58,"column":23}},"32":{"start":{"line":60,"column":12},"end":{"line":63,"column":15}},"33":{"start":{"line":67,"column":19},"end":{"line":67,"column":32}},"34":{"start":{"line":68,"column":8},"end":{"line":77,"column":11}},"35":{"start":{"line":69,"column":12},"end":{"line":72,"column":13}},"36":{"start":{"line":70,"column":16},"end":{"line":70,"column":33}},"37":{"start":{"line":71,"column":16},"end":{"line":71,"column":23}},"38":{"start":{"line":73,"column":12},"end":{"line":76,"column":15}},"39":{"start":{"line":80,"column":21},"end":{"line":80,"column":29}},"40":{"start":{"line":81,"column":8},"end":{"line":107,"column":11}},"41":{"start":{"line":82,"column":12},"end":{"line":84,"column":13}},"42":{"start":{"line":83,"column":16},"end":{"line":83,"column":33}},"43":{"start":{"line":85,"column":12},"end":{"line":90,"column":13}},"44":{"start":{"line":86,"column":16},"end":{"line":89,"column":19}},"45":{"start":{"line":91,"column":27},"end":{"line":91,"column":64}},"46":{"start":{"line":92,"column":12},"end":{"line":100,"column":13}},"47":{"start":{"line":93,"column":16},"end":{"line":93,"column":42}},"48":{"start":{"line":94,"column":34},"end":{"line":94,"column":76}},"49":{"start":{"line":95,"column":16},"end":{"line":99,"column":19}}},"fnMap":{"0":{"name":"(anonymous_0)","decl":{"start":{"line":7,"column":15},"end":{"line":7,"column":16}},"loc":{"start":{"line":7,"column":26},"end":{"line":24,"column":5}},"line":7},"1":{"name":"(anonymous_1)","decl":{"start":{"line":11,"column":23},"end":{"line":11,"column":24}},"loc":{"start":{"line":11,"column":38},"end":{"line":23,"column":9}},"line":11},"2":{"name":"(anonymous_2)","decl":{"start":{"line":25,"column":20},"end":{"line":25,"column":21}},"loc":{"start":{"line":25,"column":33},"end":{"line":37,"column":5}},"line":25},"3":{"name":"(anonymous_3)","decl":{"start":{"line":27,"column":25},"end":{"line":27,"column":26}},"loc":{"start":{"line":27,"column":43},"end":{"line":36,"column":9}},"line":27},"4":{"name":"(anonymous_4)","decl":{"start":{"line":38,"column":16},"end":{"line":38,"column":17}},"loc":{"start":{"line":38,"column":29},"end":{"line":49,"column":5}},"line":38},"5":{"name":"(anonymous_5)","decl":{"start":{"line":39,"column":19},"end":{"line":39,"column":20}},"loc":{"start":{"line":39,"column":36},"end":{"line":48,"column":9}},"line":39},"6":{"name":"(anonymous_6)","decl":{"start":{"line":50,"column":19},"end":{"line":50,"column":20}},"loc":{"start":{"line":50,"column":31},"end":{"line":65,"column":5}},"line":50},"7":{"name":"(anonymous_7)","decl":{"start":{"line":55,"column":29},"end":{"line":55,"column":30}},"loc":{"start":{"line":55,"column":45},"end":{"line":64,"column":9}},"line":55},"8":{"name":"(anonymous_8)","decl":{"start":{"line":66,"column":19},"end":{"line":66,"column":20}},"loc":{"start":{"line":66,"column":32},"end":{"line":78,"column":5}},"line":66},"9":{"name":"(anonymous_9)","decl":{"start":{"line":68,"column":24},"end":{"line":68,"column":25}},"loc":{"start":{"line":68,"column":41},"end":{"line":77,"column":9}},"line":68},"10":{"name":"(anonymous_10)","decl":{"start":{"line":79,"column":11},"end":{"line":79,"column":12}},"loc":{"start":{"line":79,"column":24},"end":{"line":108,"column":5}},"line":79},"11":{"name":"(anonymous_11)","decl":{"start":{"line":81,"column":34},"end":{"line":81,"column":35}},"loc":{"start":{"line":81,"column":51},"end":{"line":107,"column":9}},"line":81}},"branchMap":{"0":{"loc":{"start":{"line":12,"column":12},"end":{"line":18,"column":13}},"type":"if","locations":[{"start":{"line":12,"column":12},"end":{"line":18,"column":13}},{"start":{},"end":{}}],"line":12},"1":{"loc":{"start":{"line":28,"column":12},"end":{"line":31,"column":13}},"type":"if","locations":[{"start":{"line":28,"column":12},"end":{"line":31,"column":13}},{"start":{},"end":{}}],"line":28},"2":{"loc":{"start":{"line":40,"column":12},"end":{"line":43,"column":13}},"type":"if","locations":[{"start":{"line":40,"column":12},"end":{"line":43,"column":13}},{"start":{},"end":{}}],"line":40},"3":{"loc":{"start":{"line":56,"column":12},"end":{"line":59,"column":13}},"type":"if","locations":[{"start":{"line":56,"column":12},"end":{"line":59,"column":13}},{"start":{},"end":{}}],"line":56},"4":{"loc":{"start":{"line":69,"column":12},"end":{"line":72,"column":13}},"type":"if","locations":[{"start":{"line":69,"column":12},"end":{"line":72,"column":13}},{"start":{},"end":{}}],"line":69},"5":{"loc":{"start":{"line":82,"column":12},"end":{"line":84,"column":13}},"type":"if","locations":[{"start":{"line":82,"column":12},"end":{"line":84,"column":13}},{"start":{},"end":{}}],"line":82},"6":{"loc":{"start":{"line":85,"column":12},"end":{"line":90,"column":13}},"type":"if","locations":[{"start":{"line":85,"column":12},"end":{"line":90,"column":13}},{"start":{},"end":{}}],"line":85},"7":{"loc":{"start":{"line":92,"column":12},"end":{"line":100,"column":13}},"type":"if","locations":[{"start":{"line":92,"column":12},"end":{"line":100,"column":13}},{"start":{},"end":{}}],"line":92}},"s":{"0":4,"1":4,"2":4,"3":4,"4":4,"5":2,"6":2,"7":2,"8":2,"9":2,"10":2,"11":2,"12":0,"13":2,"14":2,"15":2,"16":0,"17":0,"18":2,"19":1,"20":1,"21":0,"22":0,"23":1,"24":0,"25":0,"26":0,"27":0,"28":0,"29":0,"30":0,"31":0,"32":0,"33":1,"34":1,"35":1,"36":0,"37":0,"38":1,"39":3,"40":3,"41":3,"42":0,"43":3,"44":2,"45":1,"46":1,"47":1,"48":1,"49":1},"f":{"0":2,"1":2,"2":2,"3":2,"4":1,"5":1,"6":0,"7":0,"8":1,"9":1,"10":3,"11":3},"b":{"0":[2,0],"1":[0,2],"2":[0,1],"3":[0,0],"4":[0,1],"5":[0,3],"6":[2,1],"7":[1,0]},"_coverageSchema":"1a1c01bbd47fc00a2c39e90264f33305004495a9","hash":"f4b97b797ea1dc964b6c9d2c2096e7d83057afe6"}
,"/Users/apple/code/hospital_mgt_sys/api/doctor/doctor.router.js": {"path":"/Users/apple/code/hospital_mgt_sys/api/doctor/doctor.router.js","statementMap":{"0":{"start":{"line":1,"column":84},"end":{"line":1,"column":114}},"1":{"start":{"line":2,"column":15},"end":{"line":2,"column":42}},"2":{"start":{"line":3,"column":29},"end":{"line":3,"column":66}},"3":{"start":{"line":5,"column":0},"end":{"line":5,"column":28}},"4":{"start":{"line":6,"column":0},"end":{"line":6,"column":46}},"5":{"start":{"line":7,"column":0},"end":{"line":7,"column":52}},"6":{"start":{"line":8,"column":0},"end":{"line":8,"column":52}},"7":{"start":{"line":9,"column":0},"end":{"line":9,"column":53}},"8":{"start":{"line":10,"column":0},"end":{"line":10,"column":29}},"9":{"start":{"line":11,"column":0},"end":{"line":11,"column":24}}},"fnMap":{},"branchMap":{},"s":{"0":4,"1":4,"2":4,"3":4,"4":4,"5":4,"6":4,"7":4,"8":4,"9":4},"f":{},"b":{},"_coverageSchema":"1a1c01bbd47fc00a2c39e90264f33305004495a9","hash":"b551c142db50c47c91d7a5b26136e25c7173aaf8"}
,"/Users/apple/code/hospital_mgt_sys/api/doctor/doctor.service.js": {"path":"/Users/apple/code/hospital_mgt_sys/api/doctor/doctor.service.js","statementMap":{"0":{"start":{"line":1,"column":13},"end":{"line":1,"column":45}},"1":{"start":{"line":3,"column":0},"end":{"line":101,"column":2}},"2":{"start":{"line":5,"column":8},"end":{"line":25,"column":10}},"3":{"start":{"line":20,"column":16},"end":{"line":22,"column":17}},"4":{"start":{"line":21,"column":20},"end":{"line":21,"column":42}},"5":{"start":{"line":23,"column":16},"end":{"line":23,"column":45}},"6":{"start":{"line":28,"column":8},"end":{"line":37,"column":10}},"7":{"start":{"line":32,"column":16},"end":{"line":34,"column":17}},"8":{"start":{"line":33,"column":20},"end":{"line":33,"column":43}},"9":{"start":{"line":35,"column":16},"end":{"line":35,"column":46}},"10":{"start":{"line":41,"column":8},"end":{"line":50,"column":10}},"11":{"start":{"line":45,"column":16},"end":{"line":47,"column":17}},"12":{"start":{"line":46,"column":20},"end":{"line":46,"column":43}},"13":{"start":{"line":48,"column":16},"end":{"line":48,"column":46}},"14":{"start":{"line":53,"column":8},"end":{"line":75,"column":9}},"15":{"start":{"line":70,"column":16},"end":{"line":72,"column":17}},"16":{"start":{"line":71,"column":20},"end":{"line":71,"column":43}},"17":{"start":{"line":73,"column":16},"end":{"line":73,"column":46}},"18":{"start":{"line":78,"column":8},"end":{"line":87,"column":9}},"19":{"start":{"line":82,"column":16},"end":{"line":84,"column":17}},"20":{"start":{"line":83,"column":20},"end":{"line":83,"column":43}},"21":{"start":{"line":85,"column":16},"end":{"line":85,"column":46}},"22":{"start":{"line":90,"column":8},"end":{"line":99,"column":9}},"23":{"start":{"line":94,"column":16},"end":{"line":96,"column":17}},"24":{"start":{"line":95,"column":20},"end":{"line":95,"column":43}},"25":{"start":{"line":97,"column":16},"end":{"line":97,"column":48}}},"fnMap":{"0":{"name":"(anonymous_0)","decl":{"start":{"line":4,"column":15},"end":{"line":4,"column":16}},"loc":{"start":{"line":4,"column":33},"end":{"line":26,"column":5}},"line":4},"1":{"name":"(anonymous_1)","decl":{"start":{"line":19,"column":12},"end":{"line":19,"column":13}},"loc":{"start":{"line":19,"column":39},"end":{"line":24,"column":13}},"line":19},"2":{"name":"(anonymous_2)","decl":{"start":{"line":27,"column":16},"end":{"line":27,"column":17}},"loc":{"start":{"line":27,"column":26},"end":{"line":39,"column":5}},"line":27},"3":{"name":"(anonymous_3)","decl":{"start":{"line":31,"column":12},"end":{"line":31,"column":13}},"loc":{"start":{"line":31,"column":38},"end":{"line":36,"column":13}},"line":31},"4":{"name":"(anonymous_4)","decl":{"start":{"line":40,"column":19},"end":{"line":40,"column":20}},"loc":{"start":{"line":40,"column":35},"end":{"line":51,"column":5}},"line":40},"5":{"name":"(anonymous_5)","decl":{"start":{"line":44,"column":12},"end":{"line":44,"column":13}},"loc":{"start":{"line":44,"column":38},"end":{"line":49,"column":13}},"line":44},"6":{"name":"(anonymous_6)","decl":{"start":{"line":52,"column":19},"end":{"line":52,"column":20}},"loc":{"start":{"line":52,"column":40},"end":{"line":76,"column":5}},"line":52},"7":{"name":"(anonymous_7)","decl":{"start":{"line":69,"column":12},"end":{"line":69,"column":13}},"loc":{"start":{"line":69,"column":40},"end":{"line":74,"column":13}},"line":69},"8":{"name":"(anonymous_8)","decl":{"start":{"line":77,"column":19},"end":{"line":77,"column":20}},"loc":{"start":{"line":77,"column":34},"end":{"line":88,"column":5}},"line":77},"9":{"name":"(anonymous_9)","decl":{"start":{"line":81,"column":12},"end":{"line":81,"column":13}},"loc":{"start":{"line":81,"column":38},"end":{"line":86,"column":13}},"line":81},"10":{"name":"(anonymous_10)","decl":{"start":{"line":89,"column":22},"end":{"line":89,"column":23}},"loc":{"start":{"line":89,"column":41},"end":{"line":100,"column":5}},"line":89},"11":{"name":"(anonymous_11)","decl":{"start":{"line":93,"column":12},"end":{"line":93,"column":13}},"loc":{"start":{"line":93,"column":38},"end":{"line":98,"column":13}},"line":93}},"branchMap":{"0":{"loc":{"start":{"line":20,"column":16},"end":{"line":22,"column":17}},"type":"if","locations":[{"start":{"line":20,"column":16},"end":{"line":22,"column":17}},{"start":{},"end":{}}],"line":20},"1":{"loc":{"start":{"line":32,"column":16},"end":{"line":34,"column":17}},"type":"if","locations":[{"start":{"line":32,"column":16},"end":{"line":34,"column":17}},{"start":{},"end":{}}],"line":32},"2":{"loc":{"start":{"line":45,"column":16},"end":{"line":47,"column":17}},"type":"if","locations":[{"start":{"line":45,"column":16},"end":{"line":47,"column":17}},{"start":{},"end":{}}],"line":45},"3":{"loc":{"start":{"line":70,"column":16},"end":{"line":72,"column":17}},"type":"if","locations":[{"start":{"line":70,"column":16},"end":{"line":72,"column":17}},{"start":{},"end":{}}],"line":70},"4":{"loc":{"start":{"line":82,"column":16},"end":{"line":84,"column":17}},"type":"if","locations":[{"start":{"line":82,"column":16},"end":{"line":84,"column":17}},{"start":{},"end":{}}],"line":82},"5":{"loc":{"start":{"line":94,"column":16},"end":{"line":96,"column":17}},"type":"if","locations":[{"start":{"line":94,"column":16},"end":{"line":96,"column":17}},{"start":{},"end":{}}],"line":94}},"s":{"0":4,"1":4,"2":2,"3":2,"4":2,"5":0,"6":1,"7":1,"8":0,"9":1,"10":2,"11":2,"12":0,"13":2,"14":0,"15":0,"16":0,"17":0,"18":1,"19":1,"20":0,"21":1,"22":3,"23":3,"24":0,"25":3},"f":{"0":2,"1":2,"2":1,"3":1,"4":2,"5":2,"6":0,"7":0,"8":1,"9":1,"10":3,"11":3},"b":{"0":[2,0],"1":[0,1],"2":[0,2],"3":[0,0],"4":[0,1],"5":[0,3]},"_coverageSchema":"1a1c01bbd47fc00a2c39e90264f33305004495a9","hash":"c130cfe38fefebc3b754951df7c557ad423eb39f"}
,"/Users/apple/code/hospital_mgt_sys/api/patient/patient.controller.js": {"path":"/Users/apple/code/hospital_mgt_sys/api/patient/patient.controller.js","statementMap":{"0":{"start":{"line":1,"column":100},"end":{"line":1,"column":128}},"1":{"start":{"line":2,"column":48},"end":{"line":2,"column":65}},"2":{"start":{"line":3,"column":36},"end":{"line":3,"column":59}},"3":{"start":{"line":4,"column":11},"end":{"line":4,"column":26}},"4":{"start":{"line":6,"column":0},"end":{"line":109,"column":2}},"5":{"start":{"line":8,"column":21},"end":{"line":8,"column":29}},"6":{"start":{"line":9,"column":21},"end":{"line":9,"column":36}},"7":{"start":{"line":10,"column":8},"end":{"line":10,"column":47}},"8":{"start":{"line":11,"column":8},"end":{"line":23,"column":11}},"9":{"start":{"line":12,"column":12},"end":{"line":18,"column":13}},"10":{"start":{"line":13,"column":16},"end":{"line":13,"column":33}},"11":{"start":{"line":14,"column":16},"end":{"line":17,"column":19}},"12":{"start":{"line":19,"column":12},"end":{"line":22,"column":15}},"13":{"start":{"line":26,"column":19},"end":{"line":26,"column":32}},"14":{"start":{"line":27,"column":8},"end":{"line":36,"column":11}},"15":{"start":{"line":28,"column":12},"end":{"line":31,"column":13}},"16":{"start":{"line":29,"column":16},"end":{"line":29,"column":33}},"17":{"start":{"line":30,"column":16},"end":{"line":30,"column":23}},"18":{"start":{"line":32,"column":12},"end":{"line":35,"column":15}},"19":{"start":{"line":39,"column":8},"end":{"line":48,"column":11}},"20":{"start":{"line":40,"column":12},"end":{"line":43,"column":13}},"21":{"start":{"line":41,"column":16},"end":{"line":41,"column":33}},"22":{"start":{"line":42,"column":16},"end":{"line":42,"column":23}},"23":{"start":{"line":44,"column":12},"end":{"line":47,"column":15}},"24":{"start":{"line":51,"column":21},"end":{"line":51,"column":29}},"25":{"start":{"line":52,"column":21},"end":{"line":52,"column":36}},"26":{"start":{"line":53,"column":8},"end":{"line":53,"column":47}},"27":{"start":{"line":54,"column":19},"end":{"line":54,"column":32}},"28":{"start":{"line":55,"column":8},"end":{"line":64,"column":11}},"29":{"start":{"line":56,"column":12},"end":{"line":59,"column":13}},"30":{"start":{"line":57,"column":16},"end":{"line":57,"column":33}},"31":{"start":{"line":58,"column":16},"end":{"line":58,"column":23}},"32":{"start":{"line":60,"column":12},"end":{"line":63,"column":15}},"33":{"start":{"line":67,"column":19},"end":{"line":67,"column":32}},"34":{"start":{"line":68,"column":8},"end":{"line":77,"column":11}},"35":{"start":{"line":69,"column":12},"end":{"line":72,"column":13}},"36":{"start":{"line":70,"column":16},"end":{"line":70,"column":33}},"37":{"start":{"line":71,"column":16},"end":{"line":71,"column":23}},"38":{"start":{"line":73,"column":12},"end":{"line":76,"column":15}},"39":{"start":{"line":80,"column":21},"end":{"line":80,"column":29}},"40":{"start":{"line":81,"column":8},"end":{"line":107,"column":11}},"41":{"start":{"line":82,"column":12},"end":{"line":84,"column":13}},"42":{"start":{"line":83,"column":16},"end":{"line":83,"column":33}},"43":{"start":{"line":85,"column":12},"end":{"line":90,"column":13}},"44":{"start":{"line":86,"column":16},"end":{"line":89,"column":19}},"45":{"start":{"line":91,"column":27},"end":{"line":91,"column":64}},"46":{"start":{"line":92,"column":12},"end":{"line":100,"column":13}},"47":{"start":{"line":93,"column":16},"end":{"line":93,"column":42}},"48":{"start":{"line":94,"column":34},"end":{"line":94,"column":77}},"49":{"start":{"line":95,"column":16},"end":{"line":99,"column":19}}},"fnMap":{"0":{"name":"(anonymous_0)","decl":{"start":{"line":7,"column":16},"end":{"line":7,"column":17}},"loc":{"start":{"line":7,"column":27},"end":{"line":24,"column":5}},"line":7},"1":{"name":"(anonymous_1)","decl":{"start":{"line":11,"column":24},"end":{"line":11,"column":25}},"loc":{"start":{"line":11,"column":39},"end":{"line":23,"column":9}},"line":11},"2":{"name":"(anonymous_2)","decl":{"start":{"line":25,"column":21},"end":{"line":25,"column":22}},"loc":{"start":{"line":25,"column":34},"end":{"line":37,"column":5}},"line":25},"3":{"name":"(anonymous_3)","decl":{"start":{"line":27,"column":26},"end":{"line":27,"column":27}},"loc":{"start":{"line":27,"column":44},"end":{"line":36,"column":9}},"line":27},"4":{"name":"(anonymous_4)","decl":{"start":{"line":38,"column":17},"end":{"line":38,"column":18}},"loc":{"start":{"line":38,"column":30},"end":{"line":49,"column":5}},"line":38},"5":{"name":"(anonymous_5)","decl":{"start":{"line":39,"column":20},"end":{"line":39,"column":21}},"loc":{"start":{"line":39,"column":37},"end":{"line":48,"column":9}},"line":39},"6":{"name":"(anonymous_6)","decl":{"start":{"line":50,"column":20},"end":{"line":50,"column":21}},"loc":{"start":{"line":50,"column":32},"end":{"line":65,"column":5}},"line":50},"7":{"name":"(anonymous_7)","decl":{"start":{"line":55,"column":30},"end":{"line":55,"column":31}},"loc":{"start":{"line":55,"column":46},"end":{"line":64,"column":9}},"line":55},"8":{"name":"(anonymous_8)","decl":{"start":{"line":66,"column":20},"end":{"line":66,"column":21}},"loc":{"start":{"line":66,"column":33},"end":{"line":78,"column":5}},"line":66},"9":{"name":"(anonymous_9)","decl":{"start":{"line":68,"column":25},"end":{"line":68,"column":26}},"loc":{"start":{"line":68,"column":42},"end":{"line":77,"column":9}},"line":68},"10":{"name":"(anonymous_10)","decl":{"start":{"line":79,"column":11},"end":{"line":79,"column":12}},"loc":{"start":{"line":79,"column":24},"end":{"line":108,"column":5}},"line":79},"11":{"name":"(anonymous_11)","decl":{"start":{"line":81,"column":35},"end":{"line":81,"column":36}},"loc":{"start":{"line":81,"column":52},"end":{"line":107,"column":9}},"line":81}},"branchMap":{"0":{"loc":{"start":{"line":12,"column":12},"end":{"line":18,"column":13}},"type":"if","locations":[{"start":{"line":12,"column":12},"end":{"line":18,"column":13}},{"start":{},"end":{}}],"line":12},"1":{"loc":{"start":{"line":28,"column":12},"end":{"line":31,"column":13}},"type":"if","locations":[{"start":{"line":28,"column":12},"end":{"line":31,"column":13}},{"start":{},"end":{}}],"line":28},"2":{"loc":{"start":{"line":40,"column":12},"end":{"line":43,"column":13}},"type":"if","locations":[{"start":{"line":40,"column":12},"end":{"line":43,"column":13}},{"start":{},"end":{}}],"line":40},"3":{"loc":{"start":{"line":56,"column":12},"end":{"line":59,"column":13}},"type":"if","locations":[{"start":{"line":56,"column":12},"end":{"line":59,"column":13}},{"start":{},"end":{}}],"line":56},"4":{"loc":{"start":{"line":69,"column":12},"end":{"line":72,"column":13}},"type":"if","locations":[{"start":{"line":69,"column":12},"end":{"line":72,"column":13}},{"start":{},"end":{}}],"line":69},"5":{"loc":{"start":{"line":82,"column":12},"end":{"line":84,"column":13}},"type":"if","locations":[{"start":{"line":82,"column":12},"end":{"line":84,"column":13}},{"start":{},"end":{}}],"line":82},"6":{"loc":{"start":{"line":85,"column":12},"end":{"line":90,"column":13}},"type":"if","locations":[{"start":{"line":85,"column":12},"end":{"line":90,"column":13}},{"start":{},"end":{}}],"line":85},"7":{"loc":{"start":{"line":92,"column":12},"end":{"line":100,"column":13}},"type":"if","locations":[{"start":{"line":92,"column":12},"end":{"line":100,"column":13}},{"start":{},"end":{}}],"line":92}},"s":{"0":4,"1":4,"2":4,"3":4,"4":4,"5":2,"6":2,"7":2,"8":2,"9":2,"10":2,"11":2,"12":0,"13":2,"14":2,"15":2,"16":0,"17":0,"18":2,"19":1,"20":1,"21":0,"22":0,"23":1,"24":0,"25":0,"26":0,"27":0,"28":0,"29":0,"30":0,"31":0,"32":0,"33":1,"34":1,"35":1,"36":0,"37":0,"38":1,"39":3,"40":3,"41":3,"42":0,"43":3,"44":2,"45":1,"46":1,"47":1,"48":1,"49":1},"f":{"0":2,"1":2,"2":2,"3":2,"4":1,"5":1,"6":0,"7":0,"8":1,"9":1,"10":3,"11":3},"b":{"0":[2,0],"1":[0,2],"2":[0,1],"3":[0,0],"4":[0,1],"5":[0,3],"6":[2,1],"7":[1,0]},"_coverageSchema":"1a1c01bbd47fc00a2c39e90264f33305004495a9","hash":"670047c62bce5a649cf795995b0b9f641cba2920"}
,"/Users/apple/code/hospital_mgt_sys/api/patient/patient.router.js": {"path":"/Users/apple/code/hospital_mgt_sys/api/patient/patient.router.js","statementMap":{"0":{"start":{"line":1,"column":88},"end":{"line":1,"column":119}},"1":{"start":{"line":2,"column":15},"end":{"line":2,"column":42}},"2":{"start":{"line":3,"column":30},"end":{"line":3,"column":67}},"3":{"start":{"line":5,"column":0},"end":{"line":5,"column":29}},"4":{"start":{"line":6,"column":0},"end":{"line":6,"column":48}},"5":{"start":{"line":7,"column":0},"end":{"line":7,"column":54}},"6":{"start":{"line":8,"column":0},"end":{"line":8,"column":54}},"7":{"start":{"line":9,"column":0},"end":{"line":9,"column":55}},"8":{"start":{"line":10,"column":0},"end":{"line":10,"column":29}},"9":{"start":{"line":11,"column":0},"end":{"line":11,"column":24}}},"fnMap":{},"branchMap":{},"s":{"0":4,"1":4,"2":4,"3":4,"4":4,"5":4,"6":4,"7":4,"8":4,"9":4},"f":{},"b":{},"_coverageSchema":"1a1c01bbd47fc00a2c39e90264f33305004495a9","hash":"0fe795f01312275e6c40d9f52a0d416f6b8c6fa2"}
,"/Users/apple/code/hospital_mgt_sys/api/patient/patient.service.js": {"path":"/Users/apple/code/hospital_mgt_sys/api/patient/patient.service.js","statementMap":{"0":{"start":{"line":1,"column":13},"end":{"line":1,"column":45}},"1":{"start":{"line":3,"column":0},"end":{"line":93,"column":2}},"2":{"start":{"line":5,"column":8},"end":{"line":21,"column":10}},"3":{"start":{"line":16,"column":16},"end":{"line":18,"column":17}},"4":{"start":{"line":17,"column":20},"end":{"line":17,"column":42}},"5":{"start":{"line":19,"column":16},"end":{"line":19,"column":45}},"6":{"start":{"line":24,"column":8},"end":{"line":33,"column":10}},"7":{"start":{"line":28,"column":16},"end":{"line":30,"column":17}},"8":{"start":{"line":29,"column":20},"end":{"line":29,"column":43}},"9":{"start":{"line":31,"column":16},"end":{"line":31,"column":46}},"10":{"start":{"line":37,"column":8},"end":{"line":46,"column":10}},"11":{"start":{"line":41,"column":16},"end":{"line":43,"column":17}},"12":{"start":{"line":42,"column":20},"end":{"line":42,"column":43}},"13":{"start":{"line":44,"column":16},"end":{"line":44,"column":46}},"14":{"start":{"line":49,"column":8},"end":{"line":67,"column":9}},"15":{"start":{"line":62,"column":16},"end":{"line":64,"column":17}},"16":{"start":{"line":63,"column":20},"end":{"line":63,"column":43}},"17":{"start":{"line":65,"column":16},"end":{"line":65,"column":46}},"18":{"start":{"line":70,"column":8},"end":{"line":79,"column":9}},"19":{"start":{"line":74,"column":16},"end":{"line":76,"column":17}},"20":{"start":{"line":75,"column":20},"end":{"line":75,"column":43}},"21":{"start":{"line":77,"column":16},"end":{"line":77,"column":46}},"22":{"start":{"line":82,"column":8},"end":{"line":91,"column":9}},"23":{"start":{"line":86,"column":16},"end":{"line":88,"column":17}},"24":{"start":{"line":87,"column":20},"end":{"line":87,"column":43}},"25":{"start":{"line":89,"column":16},"end":{"line":89,"column":48}}},"fnMap":{"0":{"name":"(anonymous_0)","decl":{"start":{"line":4,"column":16},"end":{"line":4,"column":17}},"loc":{"start":{"line":4,"column":34},"end":{"line":22,"column":5}},"line":4},"1":{"name":"(anonymous_1)","decl":{"start":{"line":15,"column":12},"end":{"line":15,"column":13}},"loc":{"start":{"line":15,"column":39},"end":{"line":20,"column":13}},"line":15},"2":{"name":"(anonymous_2)","decl":{"start":{"line":23,"column":17},"end":{"line":23,"column":18}},"loc":{"start":{"line":23,"column":27},"end":{"line":35,"column":5}},"line":23},"3":{"name":"(anonymous_3)","decl":{"start":{"line":27,"column":12},"end":{"line":27,"column":13}},"loc":{"start":{"line":27,"column":38},"end":{"line":32,"column":13}},"line":27},"4":{"name":"(anonymous_4)","decl":{"start":{"line":36,"column":20},"end":{"line":36,"column":21}},"loc":{"start":{"line":36,"column":36},"end":{"line":47,"column":5}},"line":36},"5":{"name":"(anonymous_5)","decl":{"start":{"line":40,"column":12},"end":{"line":40,"column":13}},"loc":{"start":{"line":40,"column":38},"end":{"line":45,"column":13}},"line":40},"6":{"name":"(anonymous_6)","decl":{"start":{"line":48,"column":20},"end":{"line":48,"column":21}},"loc":{"start":{"line":48,"column":41},"end":{"line":68,"column":5}},"line":48},"7":{"name":"(anonymous_7)","decl":{"start":{"line":61,"column":12},"end":{"line":61,"column":13}},"loc":{"start":{"line":61,"column":40},"end":{"line":66,"column":13}},"line":61},"8":{"name":"(anonymous_8)","decl":{"start":{"line":69,"column":20},"end":{"line":69,"column":21}},"loc":{"start":{"line":69,"column":35},"end":{"line":80,"column":5}},"line":69},"9":{"name":"(anonymous_9)","decl":{"start":{"line":73,"column":12},"end":{"line":73,"column":13}},"loc":{"start":{"line":73,"column":38},"end":{"line":78,"column":13}},"line":73},"10":{"name":"(anonymous_10)","decl":{"start":{"line":81,"column":23},"end":{"line":81,"column":24}},"loc":{"start":{"line":81,"column":42},"end":{"line":92,"column":5}},"line":81},"11":{"name":"(anonymous_11)","decl":{"start":{"line":85,"column":12},"end":{"line":85,"column":13}},"loc":{"start":{"line":85,"column":38},"end":{"line":90,"column":13}},"line":85}},"branchMap":{"0":{"loc":{"start":{"line":16,"column":16},"end":{"line":18,"column":17}},"type":"if","locations":[{"start":{"line":16,"column":16},"end":{"line":18,"column":17}},{"start":{},"end":{}}],"line":16},"1":{"loc":{"start":{"line":28,"column":16},"end":{"line":30,"column":17}},"type":"if","locations":[{"start":{"line":28,"column":16},"end":{"line":30,"column":17}},{"start":{},"end":{}}],"line":28},"2":{"loc":{"start":{"line":41,"column":16},"end":{"line":43,"column":17}},"type":"if","locations":[{"start":{"line":41,"column":16},"end":{"line":43,"column":17}},{"start":{},"end":{}}],"line":41},"3":{"loc":{"start":{"line":62,"column":16},"end":{"line":64,"column":17}},"type":"if","locations":[{"start":{"line":62,"column":16},"end":{"line":64,"column":17}},{"start":{},"end":{}}],"line":62},"4":{"loc":{"start":{"line":74,"column":16},"end":{"line":76,"column":17}},"type":"if","locations":[{"start":{"line":74,"column":16},"end":{"line":76,"column":17}},{"start":{},"end":{}}],"line":74},"5":{"loc":{"start":{"line":86,"column":16},"end":{"line":88,"column":17}},"type":"if","locations":[{"start":{"line":86,"column":16},"end":{"line":88,"column":17}},{"start":{},"end":{}}],"line":86}},"s":{"0":4,"1":4,"2":2,"3":2,"4":2,"5":0,"6":1,"7":1,"8":0,"9":1,"10":2,"11":2,"12":0,"13":2,"14":0,"15":0,"16":0,"17":0,"18":1,"19":1,"20":0,"21":1,"22":3,"23":3,"24":0,"25":3},"f":{"0":2,"1":2,"2":1,"3":1,"4":2,"5":2,"6":0,"7":0,"8":1,"9":1,"10":3,"11":3},"b":{"0":[2,0],"1":[0,1],"2":[0,2],"3":[0,0],"4":[0,1],"5":[0,3]},"_coverageSchema":"1a1c01bbd47fc00a2c39e90264f33305004495a9","hash":"06454398038b2fa726eee7117bb85d2ef6be306f"}
,"/Users/apple/code/hospital_mgt_sys/auth/tokenValidation.js": {"path":"/Users/apple/code/hospital_mgt_sys/auth/tokenValidation.js","statementMap":{"0":{"start":{"line":1,"column":20},"end":{"line":1,"column":43}},"1":{"start":{"line":2,"column":11},"end":{"line":2,"column":26}},"2":{"start":{"line":4,"column":0},"end":{"line":51,"column":1}},"3":{"start":{"line":6,"column":20},"end":{"line":6,"column":44}},"4":{"start":{"line":7,"column":8},"end":{"line":26,"column":9}},"5":{"start":{"line":8,"column":12},"end":{"line":8,"column":35}},"6":{"start":{"line":9,"column":12},"end":{"line":19,"column":15}},"7":{"start":{"line":10,"column":16},"end":{"line":18,"column":17}},"8":{"start":{"line":11,"column":20},"end":{"line":14,"column":23}},"9":{"start":{"line":17,"column":20},"end":{"line":17,"column":27}},"10":{"start":{"line":22,"column":12},"end":{"line":25,"column":15}},"11":{"start":{"line":29,"column":20},"end":{"line":29,"column":44}},"12":{"start":{"line":30,"column":8},"end":{"line":49,"column":9}},"13":{"start":{"line":31,"column":12},"end":{"line":31,"column":35}},"14":{"start":{"line":32,"column":12},"end":{"line":42,"column":15}},"15":{"start":{"line":33,"column":16},"end":{"line":41,"column":17}},"16":{"start":{"line":34,"column":20},"end":{"line":37,"column":23}},"17":{"start":{"line":40,"column":20},"end":{"line":40,"column":27}},"18":{"start":{"line":45,"column":12},"end":{"line":48,"column":15}}},"fnMap":{"0":{"name":"(anonymous_0)","decl":{"start":{"line":5,"column":23},"end":{"line":5,"column":24}},"loc":{"start":{"line":5,"column":43},"end":{"line":27,"column":5}},"line":5},"1":{"name":"(anonymous_1)","decl":{"start":{"line":9,"column":45},"end":{"line":9,"column":46}},"loc":{"start":{"line":9,"column":62},"end":{"line":19,"column":13}},"line":9},"2":{"name":"(anonymous_2)","decl":{"start":{"line":28,"column":22},"end":{"line":28,"column":23}},"loc":{"start":{"line":28,"column":41},"end":{"line":50,"column":5}},"line":28},"3":{"name":"(anonymous_3)","decl":{"start":{"line":32,"column":44},"end":{"line":32,"column":45}},"loc":{"start":{"line":32,"column":61},"end":{"line":42,"column":13}},"line":32}},"branchMap":{"0":{"loc":{"start":{"line":7,"column":8},"end":{"line":26,"column":9}},"type":"if","locations":[{"start":{"line":7,"column":8},"end":{"line":26,"column":9}},{"start":{"line":21,"column":12},"end":{"line":26,"column":9}}],"line":7},"1":{"loc":{"start":{"line":10,"column":16},"end":{"line":18,"column":17}},"type":"if","locations":[{"start":{"line":10,"column":16},"end":{"line":18,"column":17}},{"start":{"line":16,"column":20},"end":{"line":18,"column":17}}],"line":10},"2":{"loc":{"start":{"line":30,"column":8},"end":{"line":49,"column":9}},"type":"if","locations":[{"start":{"line":30,"column":8},"end":{"line":49,"column":9}},{"start":{"line":44,"column":12},"end":{"line":49,"column":9}}],"line":30},"3":{"loc":{"start":{"line":33,"column":16},"end":{"line":41,"column":17}},"type":"if","locations":[{"start":{"line":33,"column":16},"end":{"line":41,"column":17}},{"start":{"line":39,"column":20},"end":{"line":41,"column":17}}],"line":33}},"s":{"0":4,"1":4,"2":4,"3":11,"4":11,"5":6,"6":6,"7":6,"8":0,"9":6,"10":5,"11":7,"12":7,"13":4,"14":4,"15":4,"16":0,"17":4,"18":3},"f":{"0":11,"1":6,"2":7,"3":4},"b":{"0":[6,5],"1":[0,6],"2":[4,3],"3":[0,4]},"_coverageSchema":"1a1c01bbd47fc00a2c39e90264f33305004495a9","hash":"b330a3b567d413bf99d660af0746b909abd7381e"}
,"/Users/apple/code/hospital_mgt_sys/config/database.js": {"path":"/Users/apple/code/hospital_mgt_sys/config/database.js","statementMap":{"0":{"start":{"line":1,"column":23},"end":{"line":1,"column":40}},"1":{"start":{"line":2,"column":11},"end":{"line":2,"column":26}},"2":{"start":{"line":4,"column":13},"end":{"line":10,"column":2}},"3":{"start":{"line":12,"column":0},"end":{"line":12,"column":22}}},"fnMap":{},"branchMap":{},"s":{"0":4,"1":4,"2":4,"3":4},"f":{},"b":{},"_coverageSchema":"1a1c01bbd47fc00a2c39e90264f33305004495a9","hash":"df8fc367da8ced61d086f413e7c962895cd431c6"}
}
