TN:
SF:app.js
FN:14,(anonymous_0)
FN:21,(anonymous_1)
FNF:2
FNH:0
FNDA:0,(anonymous_0)
FNDA:0,(anonymous_1)
DA:1,4
DA:2,4
DA:3,4
DA:4,4
DA:5,4
DA:6,4
DA:7,4
DA:9,4
DA:10,4
DA:11,4
DA:14,4
DA:15,0
DA:21,4
DA:22,0
DA:25,4
LF:15
LH:13
BRF:0
BRH:0
end_of_record
TN:
SF:api/appointment/appointment.controller.js
FN:5,(anonymous_0)
FN:7,(anonymous_1)
FN:21,(anonymous_2)
FN:23,(anonymous_3)
FNF:4
FNH:4
FNDA:1,(anonymous_0)
FNDA:1,(anonymous_1)
FNDA:1,(anonymous_2)
FNDA:1,(anonymous_3)
DA:1,4
DA:2,4
DA:4,4
DA:6,1
DA:7,1
DA:8,1
DA:9,1
DA:10,1
DA:15,0
DA:22,1
DA:23,1
DA:24,1
DA:25,0
DA:26,0
DA:28,1
LF:15
LH:12
BRDA:8,0,0,1
BRDA:8,0,1,0
BRDA:24,1,0,0
BRDA:24,1,1,1
BRF:4
BRH:2
end_of_record
TN:
SF:api/appointment/appointment.router.js
FNF:0
FNH:0
DA:1,4
DA:2,4
DA:3,4
DA:5,4
DA:6,4
DA:8,4
LF:6
LH:6
BRF:0
BRH:0
end_of_record
TN:
SF:api/appointment/appointment.service.js
FN:4,(anonymous_0)
FN:13,(anonymous_1)
FN:21,(anonymous_2)
FN:25,(anonymous_3)
FNF:4
FNH:4
FNDA:1,(anonymous_0)
FNDA:1,(anonymous_1)
FNDA:1,(anonymous_2)
FNDA:1,(anonymous_3)
DA:1,4
DA:3,4
DA:5,1
DA:14,1
DA:15,1
DA:17,0
DA:22,1
DA:26,1
DA:27,0
DA:29,1
LF:10
LH:8
BRDA:14,0,0,1
BRDA:14,0,1,0
BRDA:26,1,0,0
BRDA:26,1,1,1
BRF:4
BRH:2
end_of_record
TN:
SF:api/doctor/doctor.controller.js
FN:7,(anonymous_0)
FN:11,(anonymous_1)
FN:25,(anonymous_2)
FN:27,(anonymous_3)
FN:38,(anonymous_4)
FN:39,(anonymous_5)
FN:50,(anonymous_6)
FN:55,(anonymous_7)
FN:66,(anonymous_8)
FN:68,(anonymous_9)
FN:79,(anonymous_10)
FN:81,(anonymous_11)
FNF:12
FNH:10
FNDA:2,(anonymous_0)
FNDA:2,(anonymous_1)
FNDA:2,(anonymous_2)
FNDA:2,(anonymous_3)
FNDA:1,(anonymous_4)
FNDA:1,(anonymous_5)
FNDA:0,(anonymous_6)
FNDA:0,(anonymous_7)
FNDA:1,(anonymous_8)
FNDA:1,(anonymous_9)
FNDA:3,(anonymous_10)
FNDA:3,(anonymous_11)
DA:1,4
DA:2,4
DA:3,4
DA:4,4
DA:6,4
DA:8,2
DA:9,2
DA:10,2
DA:11,2
DA:12,2
DA:13,2
DA:14,2
DA:19,0
DA:26,2
DA:27,2
DA:28,2
DA:29,0
DA:30,0
DA:32,2
DA:39,1
DA:40,1
DA:41,0
DA:42,0
DA:44,1
DA:51,0
DA:52,0
DA:53,0
DA:54,0
DA:55,0
DA:56,0
DA:57,0
DA:58,0
DA:60,0
DA:67,1
DA:68,1
DA:69,1
DA:70,0
DA:71,0
DA:73,1
DA:80,3
DA:81,3
DA:82,3
DA:83,0
DA:85,3
DA:86,2
DA:91,1
DA:92,1
DA:93,1
DA:94,1
DA:95,1
LF:50
LH:33
BRDA:12,0,0,2
BRDA:12,0,1,0
BRDA:28,1,0,0
BRDA:28,1,1,2
BRDA:40,2,0,0
BRDA:40,2,1,1
BRDA:56,3,0,0
BRDA:56,3,1,0
BRDA:69,4,0,0
BRDA:69,4,1,1
BRDA:82,5,0,0
BRDA:82,5,1,3
BRDA:85,6,0,2
BRDA:85,6,1,1
BRDA:92,7,0,1
BRDA:92,7,1,0
BRF:16
BRH:8
end_of_record
TN:
SF:api/doctor/doctor.router.js
FNF:0
FNH:0
DA:1,4
DA:2,4
DA:3,4
DA:5,4
DA:6,4
DA:7,4
DA:8,4
DA:9,4
DA:10,4
DA:11,4
LF:10
LH:10
BRF:0
BRH:0
end_of_record
TN:
SF:api/doctor/doctor.service.js
FN:4,(anonymous_0)
FN:19,(anonymous_1)
FN:27,(anonymous_2)
FN:31,(anonymous_3)
FN:40,(anonymous_4)
FN:44,(anonymous_5)
FN:52,(anonymous_6)
FN:69,(anonymous_7)
FN:77,(anonymous_8)
FN:81,(anonymous_9)
FN:89,(anonymous_10)
FN:93,(anonymous_11)
FNF:12
FNH:10
FNDA:2,(anonymous_0)
FNDA:2,(anonymous_1)
FNDA:1,(anonymous_2)
FNDA:1,(anonymous_3)
FNDA:2,(anonymous_4)
FNDA:2,(anonymous_5)
FNDA:0,(anonymous_6)
FNDA:0,(anonymous_7)
FNDA:1,(anonymous_8)
FNDA:1,(anonymous_9)
FNDA:3,(anonymous_10)
FNDA:3,(anonymous_11)
DA:1,4
DA:3,4
DA:5,2
DA:20,2
DA:21,2
DA:23,0
DA:28,1
DA:32,1
DA:33,0
DA:35,1
DA:41,2
DA:45,2
DA:46,0
DA:48,2
DA:53,0
DA:70,0
DA:71,0
DA:73,0
DA:78,1
DA:82,1
DA:83,0
DA:85,1
DA:90,3
DA:94,3
DA:95,0
DA:97,3
LF:26
LH:17
BRDA:20,0,0,2
BRDA:20,0,1,0
BRDA:32,1,0,0
BRDA:32,1,1,1
BRDA:45,2,0,0
BRDA:45,2,1,2
BRDA:70,3,0,0
BRDA:70,3,1,0
BRDA:82,4,0,0
BRDA:82,4,1,1
BRDA:94,5,0,0
BRDA:94,5,1,3
BRF:12
BRH:5
end_of_record
TN:
SF:api/patient/patient.controller.js
FN:7,(anonymous_0)
FN:11,(anonymous_1)
FN:25,(anonymous_2)
FN:27,(anonymous_3)
FN:38,(anonymous_4)
FN:39,(anonymous_5)
FN:50,(anonymous_6)
FN:55,(anonymous_7)
FN:66,(anonymous_8)
FN:68,(anonymous_9)
FN:79,(anonymous_10)
FN:81,(anonymous_11)
FNF:12
FNH:10
FNDA:2,(anonymous_0)
FNDA:2,(anonymous_1)
FNDA:2,(anonymous_2)
FNDA:2,(anonymous_3)
FNDA:1,(anonymous_4)
FNDA:1,(anonymous_5)
FNDA:0,(anonymous_6)
FNDA:0,(anonymous_7)
FNDA:1,(anonymous_8)
FNDA:1,(anonymous_9)
FNDA:3,(anonymous_10)
FNDA:3,(anonymous_11)
DA:1,4
DA:2,4
DA:3,4
DA:4,4
DA:6,4
DA:8,2
DA:9,2
DA:10,2
DA:11,2
DA:12,2
DA:13,2
DA:14,2
DA:19,0
DA:26,2
DA:27,2
DA:28,2
DA:29,0
DA:30,0
DA:32,2
DA:39,1
DA:40,1
DA:41,0
DA:42,0
DA:44,1
DA:51,0
DA:52,0
DA:53,0
DA:54,0
DA:55,0
DA:56,0
DA:57,0
DA:58,0
DA:60,0
DA:67,1
DA:68,1
DA:69,1
DA:70,0
DA:71,0
DA:73,1
DA:80,3
DA:81,3
DA:82,3
DA:83,0
DA:85,3
DA:86,2
DA:91,1
DA:92,1
DA:93,1
DA:94,1
DA:95,1
LF:50
LH:33
BRDA:12,0,0,2
BRDA:12,0,1,0
BRDA:28,1,0,0
BRDA:28,1,1,2
BRDA:40,2,0,0
BRDA:40,2,1,1
BRDA:56,3,0,0
BRDA:56,3,1,0
BRDA:69,4,0,0
BRDA:69,4,1,1
BRDA:82,5,0,0
BRDA:82,5,1,3
BRDA:85,6,0,2
BRDA:85,6,1,1
BRDA:92,7,0,1
BRDA:92,7,1,0
BRF:16
BRH:8
end_of_record
TN:
SF:api/patient/patient.router.js
FNF:0
FNH:0
DA:1,4
DA:2,4
DA:3,4
DA:5,4
DA:6,4
DA:7,4
DA:8,4
DA:9,4
DA:10,4
DA:11,4
LF:10
LH:10
BRF:0
BRH:0
end_of_record
TN:
SF:api/patient/patient.service.js
FN:4,(anonymous_0)
FN:15,(anonymous_1)
FN:23,(anonymous_2)
FN:27,(anonymous_3)
FN:36,(anonymous_4)
FN:40,(anonymous_5)
FN:48,(anonymous_6)
FN:61,(anonymous_7)
FN:69,(anonymous_8)
FN:73,(anonymous_9)
FN:81,(anonymous_10)
FN:85,(anonymous_11)
FNF:12
FNH:10
FNDA:2,(anonymous_0)
FNDA:2,(anonymous_1)
FNDA:1,(anonymous_2)
FNDA:1,(anonymous_3)
FNDA:2,(anonymous_4)
FNDA:2,(anonymous_5)
FNDA:0,(anonymous_6)
FNDA:0,(anonymous_7)
FNDA:1,(anonymous_8)
FNDA:1,(anonymous_9)
FNDA:3,(anonymous_10)
FNDA:3,(anonymous_11)
DA:1,4
DA:3,4
DA:5,2
DA:16,2
DA:17,2
DA:19,0
DA:24,1
DA:28,1
DA:29,0
DA:31,1
DA:37,2
DA:41,2
DA:42,0
DA:44,2
DA:49,0
DA:62,0
DA:63,0
DA:65,0
DA:70,1
DA:74,1
DA:75,0
DA:77,1
DA:82,3
DA:86,3
DA:87,0
DA:89,3
LF:26
LH:17
BRDA:16,0,0,2
BRDA:16,0,1,0
BRDA:28,1,0,0
BRDA:28,1,1,1
BRDA:41,2,0,0
BRDA:41,2,1,2
BRDA:62,3,0,0
BRDA:62,3,1,0
BRDA:74,4,0,0
BRDA:74,4,1,1
BRDA:86,5,0,0
BRDA:86,5,1,3
BRF:12
BRH:5
end_of_record
TN:
SF:auth/tokenValidation.js
FN:5,(anonymous_0)
FN:9,(anonymous_1)
FN:28,(anonymous_2)
FN:32,(anonymous_3)
FNF:4
FNH:4
FNDA:11,(anonymous_0)
FNDA:6,(anonymous_1)
FNDA:7,(anonymous_2)
FNDA:4,(anonymous_3)
DA:1,4
DA:2,4
DA:4,4
DA:6,11
DA:7,11
DA:8,6
DA:9,6
DA:10,6
DA:11,0
DA:17,6
DA:22,5
DA:29,7
DA:30,7
DA:31,4
DA:32,4
DA:33,4
DA:34,0
DA:40,4
DA:45,3
LF:19
LH:17
BRDA:7,0,0,6
BRDA:7,0,1,5
BRDA:10,1,0,0
BRDA:10,1,1,6
BRDA:30,2,0,4
BRDA:30,2,1,3
BRDA:33,3,0,0
BRDA:33,3,1,4
BRF:8
BRH:6
end_of_record
TN:
SF:config/database.js
FNF:0
FNH:0
DA:1,4
DA:2,4
DA:4,4
DA:12,4
LF:4
LH:4
BRF:0
BRH:0
end_of_record
